<?xml version="1.0" encoding="UTF-8"?>
<testng-results ignored="0" total="1" passed="1" failed="0" skipped="0">
  <reporter-output>
  </reporter-output>
  <suite started-at="2024-02-23T13:27:29 IST" name="Surefire suite" finished-at="2024-02-23T13:27:30 IST" duration-ms="41">
    <groups>
    </groups>
    <test started-at="2024-02-23T13:27:29 IST" name="Surefire test" finished-at="2024-02-23T13:27:30 IST" duration-ms="41">
      <class name="com.testng.selenium.v1.AppTest">
        <test-method signature="shouldAnswerWithTrue()" started-at="2024-02-23T13:27:29 IST" name="shouldAnswerWithTrue" finished-at="2024-02-23T13:27:30 IST" duration-ms="4" status="PASS">
          <reporter-output>
          </reporter-output>
        </test-method> <!-- shouldAnswerWithTrue -->
      </class> <!-- com.testng.selenium.v1.AppTest -->
    </test> <!-- Surefire test -->
  </suite> <!-- Surefire suite -->
</testng-results>
